*** Now run 'make gdb'.
***
c[?7l[2J[0mSeaBIOS (version 1.11.1-1ubuntu1)


iPXE (http://ipxe.org) 00:03.0 C980 PCI2.10 PnP PMM+07F8D340+07ECD340 C980
Press Ctrl-B to configure iPXE (PCI 00:03.0)...
                                                                               


Booting from Hard Disk..pading space in the right to number 22: 22       .

error! writing through NULL pointer! (%n argument)
show me the sign: +1024, -1024
in mem_init
Physical memory: 131072K available, base = 640K, extended = 130432K
ULIM : 0xef800000 -276824064
PTSIZE : 0x400000 4194304
UVPT: 0xef400000 -281018368
PDX(UVPT): 0x3bd 957
in check_page_free_list
check_page_free_list() succeeded!
in check_page_alloc
check_page_alloc() succeeded!
in check_page
check_page() succeeded!
after check_page()
in boot_map_region
in boot_map_region
in boot_map_region_large
PTSIZE: 400000
size/PTSIZE: 64
0
large page installed!
check_kern_pgdir() succeeded!
1
c[?7l[2J[0mSeaBIOS (version 1.11.1-1ubuntu1)


iPXE (http://ipxe.org) 00:03.0 C980 PCI2.10 PnP PMM+07F8D340+07ECD340 C980
Press Ctrl-B to configure iPXE (PCI 00:03.0)...
                                                                               


Booting from Hard Disk..pading space in the right to number 22: 22       .

error! writing through NULL pointer! (%n argument)
show me the sign: +1024, -1024
in mem_init
Physical memory: 131072K available, base = 640K, extended = 130432K
ULIM : 0xef800000 -276824064
PTSIZE : 0x400000 4194304
UVPT: 0xef400000 -281018368
PDX(UVPT): 0x3bd 957
in check_page_free_list
check_page_free_list() succeeded!

