+ ld obj/kern/kernel
+ mk obj/kern/kernel.img
c[?7l[2J[0mSeaBIOS (version 1.11.1-1ubuntu1)


iPXE (http://ipxe.org) 00:03.0 C980 PCI2.10 PnP PMM+07F8D340+07ECD340 C980
Press Ctrl-B to configure iPXE (PCI 00:03.0)...                                                                               


Booting from Hard Disk..pading space in the right to number 22: 22       .

error! writing through NULL pointer! (%n argument)
show me the sign: +1024, -1024
Physical memory: 131072K available, base = 640K, extended = 130432K
check_page_free_list() succeeded!
check_page_alloc() succeeded!
check_page() succeeded!
check_kern_pgdir() succeeded!
check_page_free_list() succeeded!
check_page_installed_pgdir() succeeded!
SMP: CPU 0 found 1 CPU(s)
enabled interrupts: 1 2 4
[00000000] new env 00001000
1000: I am ''
4096: in sfork
[00001000] new env 00001001
4096: in sfork
1001: I am '0'
4097: in sfork
[00001001] new env 00001002
4097: in sfork
[00001001] new env 00001003
1002: I am '00'
4098: in sfork
[00001002] new env 00001004
4098: in sfork
[00001002] new env 00001005
[00001002] exiting gracefully
[00001002] free env 00001002
[00001001] exiting gracefully
[00001001] free env 00001001
[00001000] new env 00002001
1003: I am '01'
4099: in sfork
[00001003] new env 00002002
4099: in sfork
[00001003] new env 00001006
1004: I am '000'
[00001004] exiting gracefully
[00001004] free env 00001004
[00001000] exiting gracefully
[00001000] free env 00001000
2001: I am '1'
8193: in sfork
[00002001] new env 00002000
8193: in sfork
[00002001] new env 00002004
2002: I am '010'
[00002002] exiting gracefully
[00002002] free env 00002002
2000: I am '10'
8192: in sfork
[00002000] new env 00003002
8192: in sfork
[00002000] new env 00001007
[00002001] exiting gracefully
[00002001] free env 00002001
[00002000] exiting gracefully
[00002000] free env 00002000
3002: I am '100'
[00003002] exiting gracefully
[00003002] free env 00003002
[00001003] exiting gracefully
[00001003] free env 00001003
1005: I am '001'
[00001005] exiting gracefully
[00001005] free env 00001005
2004: I am '11'
8196: in sfork
[00002004] new env 00002005
1006: I am '011'
[00001006] exiting gracefully
[00001006] free env 00001006
4102: in sfork
[00002004] new env 00002006
2005: I am '110'
[00002005] exiting gracefully
[00002005] free env 00002005
[00002004] exiting gracefully
[00002004] free env 00002004
2006: I am '111'
1007: I am '101'
[00001007] exiting gracefully
[00001007] free env 00001007
[00002006] exiting gracefully
[00002006] free env 00002006
No runnable environments in the system!
Welcome to the JOS kernel monitor!
Type 'help' for a list of commands.
qemu-system-i386: terminating on signal 15 from pid 57083 (make)
